***************YOLOv1_epoch50.pkl***************
---class person ap 0.29755993302103995---
---class bird ap 0.36094298375572686---
---class cat ap 0.5660640167524934---
---class cow ap 0.333477745804374---
---class dog ap 0.3982025708899336---
---class horse ap 0.41456338675198573---
---class sheep ap 0.2256143585426886---
---map 0.37091785650260606---
***************YOLOv1_epoch80_cc.pkl***************
---class person ap 0.30302182755748136---
---class bird ap 0.31574277878511686---
---class cat ap 0.5885208941854775---
---class cow ap 0.3603411929359264---
---class dog ap 0.4735014423397484---
---class horse ap 0.41255997751543566---
---class sheep ap 0.24683286907395563---
---map 0.3857887117704489---
***************YOLOv1_DataAug_epoch50.pkl***************
---class person ap 0.32030507330165253---
---class bird ap 0.38756365152618766---
---class cat ap 0.5822755157000519---
---class cow ap 0.3908035218683775---
---class dog ap 0.4298843847569916---
---class horse ap 0.3843890534601435---
---class sheep ap 0.30578818771589855---
---map 0.40014419833275755---
**************************
修改完bug之后的测试
***************YOLOv1_bigger_epoch100.pkl***************
---class person ap 0.0292100877170263---
---class bird ap 0.002102472690707985---
---class cat ap 0.154773553992304---
---class cow ap 0.002631578947368421---
---class dog ap 0.042456930324577376---
---class horse ap 0.060579232649267574---
---class sheep ap 0.0---
---map 0.04167912233160738---
***************YOLOv1_update_epoch50.pkl***************
---class person ap 0.003089832612128236---
---map -0.4984550836939359---
